#################################################################
# If you used AutoDock Vina in your work, please cite:          #
#                                                               #
# O. Trott, A. J. Olson,                                        #
# AutoDock Vina: improving the speed and accuracy of docking    #
# with a new scoring function, efficient optimization and       #
# multithreading, Journal of Computational Chemistry 31 (2010)  #
# 455-461                                                       #
#                                                               #
# DOI 10.1002/jcc.21334                                         #
#                                                               #
# Please see http://vina.scripps.edu for more information.      #
#################################################################

Reading input ... done.
Setting up the scoring function ... done.
Analyzing the binding site ... done.
Using random seed: 1
Performing search ... done.
Refining results ... done.

mode |   affinity | dist from best mode
     | (kcal/mol) | rmsd l.b.| rmsd u.b.
-----+------------+----------+----------
   1         -4.6      0.000      0.000
   2         -4.6      5.642      7.043
   3         -4.4      0.909      3.064
   4         -4.3      0.771      2.457
   5         -4.2      0.893      2.747
   6         -4.2      1.170      3.546
   7         -4.1      5.334      6.993
   8         -4.1      2.237      3.202
   9         -4.1      1.838      2.178
Writing output ... done.
