#################################################################
# If you used AutoDock Vina in your work, please cite:          #
#                                                               #
# O. Trott, A. J. Olson,                                        #
# AutoDock Vina: improving the speed and accuracy of docking    #
# with a new scoring function, efficient optimization and       #
# multithreading, Journal of Computational Chemistry 31 (2010)  #
# 455-461                                                       #
#                                                               #
# DOI 10.1002/jcc.21334                                         #
#                                                               #
# Please see http://vina.scripps.edu for more information.      #
#################################################################

Reading input ... done.
Setting up the scoring function ... done.
Analyzing the binding site ... done.
Using random seed: 1
Performing search ... done.
Refining results ... done.

mode |   affinity | dist from best mode
     | (kcal/mol) | rmsd l.b.| rmsd u.b.
-----+------------+----------+----------
   1         -4.0      0.000      0.000
   2         -4.0      1.411      1.981
   3         -3.9      1.242      3.075
   4         -3.9      1.376      3.656
   5         -3.9      1.332      3.087
   6         -3.8      1.354      2.612
   7         -3.8      1.089      3.350
   8         -3.8      2.046      3.135
   9         -3.8      1.611      3.290
Writing output ... done.
