#################################################################
# If you used AutoDock Vina in your work, please cite:          #
#                                                               #
# O. Trott, A. J. Olson,                                        #
# AutoDock Vina: improving the speed and accuracy of docking    #
# with a new scoring function, efficient optimization and       #
# multithreading, Journal of Computational Chemistry 31 (2010)  #
# 455-461                                                       #
#                                                               #
# DOI 10.1002/jcc.21334                                         #
#                                                               #
# Please see http://vina.scripps.edu for more information.      #
#################################################################

Reading input ... done.
Setting up the scoring function ... done.
Analyzing the binding site ... done.
Using random seed: 1
Performing search ... done.
Refining results ... done.

mode |   affinity | dist from best mode
     | (kcal/mol) | rmsd l.b.| rmsd u.b.
-----+------------+----------+----------
   1         -4.0      0.000      0.000
   2         -4.0      2.303      5.673
   3         -3.8      2.536      7.858
   4         -3.8      2.203      6.238
   5         -3.7      2.997      8.093
   6         -3.7      1.855      4.532
   7         -3.7      3.625      8.901
   8         -3.7      4.290      8.569
   9         -3.7      2.102      5.943
Writing output ... done.
