#################################################################
# If you used AutoDock Vina in your work, please cite:          #
#                                                               #
# O. Trott, A. J. Olson,                                        #
# AutoDock Vina: improving the speed and accuracy of docking    #
# with a new scoring function, efficient optimization and       #
# multithreading, Journal of Computational Chemistry 31 (2010)  #
# 455-461                                                       #
#                                                               #
# DOI 10.1002/jcc.21334                                         #
#                                                               #
# Please see http://vina.scripps.edu for more information.      #
#################################################################

Reading input ... done.
Setting up the scoring function ... done.
Analyzing the binding site ... done.
Using random seed: 1
Performing search ... done.
Refining results ... done.

mode |   affinity | dist from best mode
     | (kcal/mol) | rmsd l.b.| rmsd u.b.
-----+------------+----------+----------
   1         -5.9      0.000      0.000
   2         -5.9      1.855      3.471
   3         -5.7      2.329      3.949
   4         -5.6      2.231      3.918
   5         -5.6      2.631      5.784
   6         -5.5      2.473      5.609
   7         -5.3      2.459      2.907
   8         -5.2      4.539      6.504
   9         -5.2      2.786      6.058
Writing output ... done.
