#################################################################
# If you used AutoDock Vina in your work, please cite:          #
#                                                               #
# O. Trott, A. J. Olson,                                        #
# AutoDock Vina: improving the speed and accuracy of docking    #
# with a new scoring function, efficient optimization and       #
# multithreading, Journal of Computational Chemistry 31 (2010)  #
# 455-461                                                       #
#                                                               #
# DOI 10.1002/jcc.21334                                         #
#                                                               #
# Please see http://vina.scripps.edu for more information.      #
#################################################################

Reading input ... done.
Setting up the scoring function ... done.
Analyzing the binding site ... done.
Using random seed: 1
Performing search ... done.
Refining results ... done.

mode |   affinity | dist from best mode
     | (kcal/mol) | rmsd l.b.| rmsd u.b.
-----+------------+----------+----------
   1         -6.3      0.000      0.000
   2         -6.2      2.557      3.424
   3         -6.1      2.193      4.025
   4         -5.9      2.739      3.575
   5         -5.8      2.189      5.682
   6         -5.8      4.476      6.786
   7         -5.8      2.442      4.456
   8         -5.8      2.892      6.679
   9         -5.7      3.015      4.684
Writing output ... done.
