#################################################################
# If you used AutoDock Vina in your work, please cite:          #
#                                                               #
# O. Trott, A. J. Olson,                                        #
# AutoDock Vina: improving the speed and accuracy of docking    #
# with a new scoring function, efficient optimization and       #
# multithreading, Journal of Computational Chemistry 31 (2010)  #
# 455-461                                                       #
#                                                               #
# DOI 10.1002/jcc.21334                                         #
#                                                               #
# Please see http://vina.scripps.edu for more information.      #
#################################################################

Reading input ... done.
Setting up the scoring function ... done.
Analyzing the binding site ... done.
Using random seed: 1
Performing search ... done.
Refining results ... done.

mode |   affinity | dist from best mode
     | (kcal/mol) | rmsd l.b.| rmsd u.b.
-----+------------+----------+----------
   1         -3.2      0.000      0.000
   2         -3.2      2.939      3.462
   3         -3.1      2.778      4.975
   4         -3.1      0.974      3.268
   5         -2.9      3.043      3.966
   6         -2.8      3.551      5.559
   7         -2.8      1.622      1.852
   8         -2.8      6.390      6.880
   9         -2.8      2.777      4.629
Writing output ... done.
