#################################################################
# If you used AutoDock Vina in your work, please cite:          #
#                                                               #
# O. Trott, A. J. Olson,                                        #
# AutoDock Vina: improving the speed and accuracy of docking    #
# with a new scoring function, efficient optimization and       #
# multithreading, Journal of Computational Chemistry 31 (2010)  #
# 455-461                                                       #
#                                                               #
# DOI 10.1002/jcc.21334                                         #
#                                                               #
# Please see http://vina.scripps.edu for more information.      #
#################################################################

Reading input ... done.
Setting up the scoring function ... done.
Analyzing the binding site ... done.
Using random seed: 1
Performing search ... done.
Refining results ... done.

mode |   affinity | dist from best mode
     | (kcal/mol) | rmsd l.b.| rmsd u.b.
-----+------------+----------+----------
   1         -6.0      0.000      0.000
   2         -5.8      4.643      6.292
   3         -5.5      4.733      6.455
   4         -5.5      4.898      6.631
   5         -5.4      4.696      6.416
   6         -5.4      1.170      2.064
   7         -5.4      4.639      6.105
   8         -5.4      4.950      5.920
   9         -5.3      4.679      6.285
Writing output ... done.
