#################################################################
# If you used AutoDock Vina in your work, please cite:          #
#                                                               #
# O. Trott, A. J. Olson,                                        #
# AutoDock Vina: improving the speed and accuracy of docking    #
# with a new scoring function, efficient optimization and       #
# multithreading, Journal of Computational Chemistry 31 (2010)  #
# 455-461                                                       #
#                                                               #
# DOI 10.1002/jcc.21334                                         #
#                                                               #
# Please see http://vina.scripps.edu for more information.      #
#################################################################

Reading input ... done.
Setting up the scoring function ... done.
Analyzing the binding site ... done.
Using random seed: 1
Performing search ... done.
Refining results ... done.

mode |   affinity | dist from best mode
     | (kcal/mol) | rmsd l.b.| rmsd u.b.
-----+------------+----------+----------
   1         -4.5      0.000      0.000
   2         -4.5      0.584      2.823
   3         -4.3      2.073      3.750
   4         -4.2      1.317      2.573
   5         -4.1      1.769      3.091
   6         -4.0      6.133      7.134
   7         -4.0      1.344      2.355
   8         -3.9      2.368      3.818
   9         -3.9      1.729      3.301
Writing output ... done.
