#################################################################
# If you used AutoDock Vina in your work, please cite:          #
#                                                               #
# O. Trott, A. J. Olson,                                        #
# AutoDock Vina: improving the speed and accuracy of docking    #
# with a new scoring function, efficient optimization and       #
# multithreading, Journal of Computational Chemistry 31 (2010)  #
# 455-461                                                       #
#                                                               #
# DOI 10.1002/jcc.21334                                         #
#                                                               #
# Please see http://vina.scripps.edu for more information.      #
#################################################################

Reading input ... done.
Setting up the scoring function ... done.
Analyzing the binding site ... done.
Using random seed: 1
Performing search ... done.
Refining results ... done.

mode |   affinity | dist from best mode
     | (kcal/mol) | rmsd l.b.| rmsd u.b.
-----+------------+----------+----------
   1         -2.9      0.000      0.000
   2         -2.8      9.759     10.645
   3         -2.7     11.179     11.584
   4         -2.7      5.352      6.390
   5         -2.7      4.970      5.285
   6         -2.6      7.099      8.004
   7         -2.6     11.007     11.720
   8         -2.5      5.796      6.583
   9         -2.5      6.245      7.038
Writing output ... done.
