#################################################################
# If you used AutoDock Vina in your work, please cite:          #
#                                                               #
# O. Trott, A. J. Olson,                                        #
# AutoDock Vina: improving the speed and accuracy of docking    #
# with a new scoring function, efficient optimization and       #
# multithreading, Journal of Computational Chemistry 31 (2010)  #
# 455-461                                                       #
#                                                               #
# DOI 10.1002/jcc.21334                                         #
#                                                               #
# Please see http://vina.scripps.edu for more information.      #
#################################################################

Reading input ... done.
Setting up the scoring function ... done.
Analyzing the binding site ... done.
Using random seed: 1
Performing search ... done.
Refining results ... done.

mode |   affinity | dist from best mode
     | (kcal/mol) | rmsd l.b.| rmsd u.b.
-----+------------+----------+----------
   1         -4.7      0.000      0.000
   2         -4.7      2.586      5.037
   3         -4.7      3.105      3.790
   4         -4.6      3.155      4.381
   5         -4.5      4.503      6.491
   6         -4.5      4.523      6.576
   7         -4.5      2.735      4.596
   8         -4.5      4.025      5.763
   9         -4.4      2.757      3.953
Writing output ... done.
