#################################################################
# If you used AutoDock Vina in your work, please cite:          #
#                                                               #
# O. Trott, A. J. Olson,                                        #
# AutoDock Vina: improving the speed and accuracy of docking    #
# with a new scoring function, efficient optimization and       #
# multithreading, Journal of Computational Chemistry 31 (2010)  #
# 455-461                                                       #
#                                                               #
# DOI 10.1002/jcc.21334                                         #
#                                                               #
# Please see http://vina.scripps.edu for more information.      #
#################################################################

Reading input ... done.
Setting up the scoring function ... done.
Analyzing the binding site ... done.
Using random seed: 1
Performing search ... done.
Refining results ... done.

mode |   affinity | dist from best mode
     | (kcal/mol) | rmsd l.b.| rmsd u.b.
-----+------------+----------+----------
   1         -4.1      0.000      0.000
   2         -4.0      6.307      6.854
   3         -3.9     10.971     11.461
   4         -3.9      6.230      6.942
   5         -3.7      5.112      5.760
   6         -3.7      9.231      9.776
   7         -3.7      5.731      6.266
   8         -3.6     11.340     11.748
   9         -3.6      7.300      7.877
Writing output ... done.
