#################################################################
# If you used AutoDock Vina in your work, please cite:          #
#                                                               #
# O. Trott, A. J. Olson,                                        #
# AutoDock Vina: improving the speed and accuracy of docking    #
# with a new scoring function, efficient optimization and       #
# multithreading, Journal of Computational Chemistry 31 (2010)  #
# 455-461                                                       #
#                                                               #
# DOI 10.1002/jcc.21334                                         #
#                                                               #
# Please see http://vina.scripps.edu for more information.      #
#################################################################

Reading input ... done.
Setting up the scoring function ... done.
Analyzing the binding site ... done.
Using random seed: 1
Performing search ... done.
Refining results ... done.

mode |   affinity | dist from best mode
     | (kcal/mol) | rmsd l.b.| rmsd u.b.
-----+------------+----------+----------
   1         -3.1      0.000      0.000
   2         -3.1     11.918     12.120
   3         -3.0      6.013      6.163
   4         -2.9     12.009     12.024
   5         -2.8      6.147      6.388
   6         -2.8      1.950      2.580
   7         -2.7      5.260      5.493
   8         -2.6     10.375     10.402
   9         -2.6      5.432      5.571
Writing output ... done.
