#################################################################
# If you used AutoDock Vina in your work, please cite:          #
#                                                               #
# O. Trott, A. J. Olson,                                        #
# AutoDock Vina: improving the speed and accuracy of docking    #
# with a new scoring function, efficient optimization and       #
# multithreading, Journal of Computational Chemistry 31 (2010)  #
# 455-461                                                       #
#                                                               #
# DOI 10.1002/jcc.21334                                         #
#                                                               #
# Please see http://vina.scripps.edu for more information.      #
#################################################################

Reading input ... done.
Setting up the scoring function ... done.
Analyzing the binding site ... done.
Using random seed: 1
Performing search ... done.
Refining results ... done.

mode |   affinity | dist from best mode
     | (kcal/mol) | rmsd l.b.| rmsd u.b.
-----+------------+----------+----------
   1         -3.3      0.000      0.000
   2         -3.0      5.934      6.665
   3         -2.9     11.810     12.110
   4         -2.9      5.737      6.177
   5         -2.9      5.083      5.425
   6         -2.8      9.925     10.483
   7         -2.8     11.658     12.235
   8         -2.8      5.733      6.329
   9         -2.7      6.422      7.031
Writing output ... done.
