#################################################################
# If you used AutoDock Vina in your work, please cite:          #
#                                                               #
# O. Trott, A. J. Olson,                                        #
# AutoDock Vina: improving the speed and accuracy of docking    #
# with a new scoring function, efficient optimization and       #
# multithreading, Journal of Computational Chemistry 31 (2010)  #
# 455-461                                                       #
#                                                               #
# DOI 10.1002/jcc.21334                                         #
#                                                               #
# Please see http://vina.scripps.edu for more information.      #
#################################################################

Reading input ... done.
Setting up the scoring function ... done.
Analyzing the binding site ... done.
Using random seed: 1
Performing search ... done.
Refining results ... done.

mode |   affinity | dist from best mode
     | (kcal/mol) | rmsd l.b.| rmsd u.b.
-----+------------+----------+----------
   1         -3.7      0.000      0.000
   2         -3.7      1.618      1.947
   3         -3.7      0.567      3.882
   4         -3.6      0.696      3.719
   5         -3.5      2.456      4.017
   6         -3.5      2.685      4.808
   7         -3.5      2.884      3.272
   8         -3.4      2.933      4.204
   9         -3.4      3.011      3.532
Writing output ... done.
