#################################################################
# If you used AutoDock Vina in your work, please cite:          #
#                                                               #
# O. Trott, A. J. Olson,                                        #
# AutoDock Vina: improving the speed and accuracy of docking    #
# with a new scoring function, efficient optimization and       #
# multithreading, Journal of Computational Chemistry 31 (2010)  #
# 455-461                                                       #
#                                                               #
# DOI 10.1002/jcc.21334                                         #
#                                                               #
# Please see http://vina.scripps.edu for more information.      #
#################################################################

Reading input ... done.
Setting up the scoring function ... done.
Analyzing the binding site ... done.
Using random seed: 1
Performing search ... done.
Refining results ... done.

mode |   affinity | dist from best mode
     | (kcal/mol) | rmsd l.b.| rmsd u.b.
-----+------------+----------+----------
   1         -2.9      0.000      0.000
   2         -2.4      2.036      4.193
   3         -2.3      2.042      3.935
   4         -2.1      1.131      2.066
   5         -2.1      2.265      6.103
   6         -2.0      2.141      6.403
   7         -1.9      1.950      3.375
   8         -1.7      1.336      2.018
   9         -1.1      2.121      9.953
Writing output ... done.
