#################################################################
# If you used AutoDock Vina in your work, please cite:          #
#                                                               #
# O. Trott, A. J. Olson,                                        #
# AutoDock Vina: improving the speed and accuracy of docking    #
# with a new scoring function, efficient optimization and       #
# multithreading, Journal of Computational Chemistry 31 (2010)  #
# 455-461                                                       #
#                                                               #
# DOI 10.1002/jcc.21334                                         #
#                                                               #
# Please see http://vina.scripps.edu for more information.      #
#################################################################

Reading input ... done.
Setting up the scoring function ... done.
Analyzing the binding site ... done.
Using random seed: 1
Performing search ... done.
Refining results ... done.

mode |   affinity | dist from best mode
     | (kcal/mol) | rmsd l.b.| rmsd u.b.
-----+------------+----------+----------
   1         -8.3      0.000      0.000
   2         -8.1      2.644      6.433
   3         -8.1      2.358      4.061
   4         -7.8      2.526      9.137
   5         -7.7      2.512      6.250
   6         -7.6      1.990      3.238
   7         -7.5      2.718      9.260
   8         -7.5      2.984      9.144
   9         -7.5      2.707      9.179
Writing output ... done.
