#################################################################
# If you used AutoDock Vina in your work, please cite:          #
#                                                               #
# O. Trott, A. J. Olson,                                        #
# AutoDock Vina: improving the speed and accuracy of docking    #
# with a new scoring function, efficient optimization and       #
# multithreading, Journal of Computational Chemistry 31 (2010)  #
# 455-461                                                       #
#                                                               #
# DOI 10.1002/jcc.21334                                         #
#                                                               #
# Please see http://vina.scripps.edu for more information.      #
#################################################################

Reading input ... done.
Setting up the scoring function ... done.
Analyzing the binding site ... done.
Using random seed: 1
Performing search ... done.
Refining results ... done.

mode |   affinity | dist from best mode
     | (kcal/mol) | rmsd l.b.| rmsd u.b.
-----+------------+----------+----------
   1         -7.6      0.000      0.000
   2         -7.4      5.323     10.487
   3         -7.4      4.631      9.865
   4         -7.3      6.302     11.133
   5         -7.1      5.191      9.150
   6         -7.1      3.195      5.089
   7         -7.1      2.549      4.810
   8         -7.1      2.790      4.399
   9         -7.1      5.511      9.298
Writing output ... done.
