#################################################################
# If you used AutoDock Vina in your work, please cite:          #
#                                                               #
# O. Trott, A. J. Olson,                                        #
# AutoDock Vina: improving the speed and accuracy of docking    #
# with a new scoring function, efficient optimization and       #
# multithreading, Journal of Computational Chemistry 31 (2010)  #
# 455-461                                                       #
#                                                               #
# DOI 10.1002/jcc.21334                                         #
#                                                               #
# Please see http://vina.scripps.edu for more information.      #
#################################################################

Reading input ... done.
Setting up the scoring function ... done.
Analyzing the binding site ... done.
Using random seed: 1
Performing search ... done.
Refining results ... done.

mode |   affinity | dist from best mode
     | (kcal/mol) | rmsd l.b.| rmsd u.b.
-----+------------+----------+----------
   1         -7.3      0.000      0.000
   2         -7.0      2.836      3.789
   3         -6.6      6.069      7.958
   4         -6.4      3.289      3.820
   5         -6.1      3.380      4.649
   6         -6.1      5.342      7.082
   7         -6.1      2.820      3.206
   8         -6.0      4.336      7.751
   9         -5.8      4.509      7.315
Writing output ... done.
