#################################################################
# If you used AutoDock Vina in your work, please cite:          #
#                                                               #
# O. Trott, A. J. Olson,                                        #
# AutoDock Vina: improving the speed and accuracy of docking    #
# with a new scoring function, efficient optimization and       #
# multithreading, Journal of Computational Chemistry 31 (2010)  #
# 455-461                                                       #
#                                                               #
# DOI 10.1002/jcc.21334                                         #
#                                                               #
# Please see http://vina.scripps.edu for more information.      #
#################################################################

Reading input ... done.
Setting up the scoring function ... done.
Analyzing the binding site ... done.
Using random seed: 1
Performing search ... done.
Refining results ... done.

mode |   affinity | dist from best mode
     | (kcal/mol) | rmsd l.b.| rmsd u.b.
-----+------------+----------+----------
   1         -5.2      0.000      0.000
   2         -5.0      2.561      5.556
   3         -4.8      3.499      4.194
   4         -4.8      4.009      5.839
   5         -4.7      2.462      3.514
   6         -4.7      3.683      5.199
   7         -4.7      3.029      4.552
   8         -4.6      2.877      4.696
   9         -4.6      4.849      5.327
Writing output ... done.
